2016-05-07 21:54:05.681 UTC INFO [rg1-rn1] JVM java.net.InetAddress properties: cache.ttl=-1 cache.negative.ttl=-1
2016-05-07 21:54:05.724 UTC INFO [rg1-rn1] Thread[KV_rg1-rn1_RepNodeStateUpdateThread,5,RMI Runtime] started
2016-05-07 21:54:05.745 UTC INFO [rg1-rn1] NoSQL version:12cR1.3.5.2 2015-12-03 08:36:49 UTC  Build id: 0c693aa1a5a0 JE version:6.4.15 Java version:1.8.0_72
2016-05-07 21:54:05.745 UTC INFO [rg1-rn1] JVM Runtime maxMemory:1,864,192 kB JE cache size:0 kB Max Offheap cache size:0 kB
2016-05-07 21:54:05.746 UTC INFO [rg1-rn1] Non-default JE properties for environment: {je.rep.vlsn.logCacheSize=128, je.rep.envUnknownStateTimeout=10 s, je.log.faultReadSize=4096, je.rep.vlsn.distance=1000000, je.rep.replicaTimeout=10 s, je.env.runEvictor=true, je.cleaner.minUtilization=40, je.rep.replicaAckTimeout=5 s, je.lock.nLockTables=97, je.cleaner.threads=2, je.rep.replayMaxOpenDbHandles=100, je.log.writeQueueSize=2097152, je.evictor.criticalPercentage=20, je.log.iteratorReadSize=1048576, je.log.numBuffers=16, je.rep.feederTimeout=10 s, je.nodeMaxEntries=128, je.lock.timeout=10 s, je.rep.preHeartbeatTimeoutMs=5000000000, je.rep.consistencyPolicy=NoConsistencyRequiredPolicy, je.checkpointer.bytesInterval=500000000, je.txn.durability=write_no_sync,write_no_sync,simple_majority, je.cleaner.readSize=1048576, je.rep.ignoreSecondaryNodeId=true, je.rep.txnRollbackLimit=10, je.log.fileCacheSize=2000, je.log.fileMax=1073741824}
2016-05-07 21:54:05.746 UTC INFO [rg1-rn1] DataChannelFactory: basic
2016-05-07 21:54:05.746 UTC INFO [rg1-rn1] Created new environment dir: ./kvroot/kvstore/sn1/rg1-rn1/env
2016-05-07 21:54:05.754 UTC INFO [rg1-rn1] Table manager created
2016-05-07 21:54:05.759 UTC INFO [rg1-rn1] Partition database cache mode: EVICT_LN
2016-05-07 21:54:05.775 UTC INFO [rg1-rn1] Thread[KV_rg1-rn1_MetadataUpdateThread,5,RMI Runtime] started
2016-05-07 21:54:05.797 UTC INFO [rg1-rn1] Starting RepNodeService
2016-05-07 21:54:05.798 UTC INFO [rg1-rn1] Starting RN MonitorAgent.  Server socket factory:<ClearServerSocketFactory name=monitor backlog=0 port range=0,0> Client socket connect factory: <ClientSocketFactory name=kvstore|rn|monitor id=1347708690 connectMs=10000 readMs=10000>
2016-05-07 21:54:05.813 UTC INFO [rg1-rn1] Starting MonitorAgent
2016-05-07 21:54:05.828 UTC INFO [rg1-rn1] Successfully created secure proxy for the repnode admin
2016-05-07 21:54:05.848 UTC INFO [rg1-rn1] RepNodeAdmin registered
2016-05-07 21:54:05.871 UTC INFO [rg1-rn1] JE recovery: POPULATE_UTILIZATION_PROFILE
2016-05-07 21:54:05.872 UTC INFO [rg1-rn1] JE recovery: REMOVE_TEMP_DBS
2016-05-07 21:54:05.873 UTC INFO [rg1-rn1] JE recovery: CKPT
2016-05-07 21:54:05.882 UTC INFO [rg1-rn1] JE recovery: RECOVERY_FINISHED
2016-05-07 21:54:05.898 UTC INFO [rg1-rn1] JE: Started ServiceDispatcher. HostPort=Nelmas-MacBook-Pro.local:5006
2016-05-07 21:54:05.899 UTC INFO [rg1-rn1] JE: DataChannel factory: com.sleepycat.je.rep.utilint.net.SimpleChannelFactory
2016-05-07 21:54:05.909 UTC INFO [rg1-rn1] JE: Current group size: 0
2016-05-07 21:54:05.909 UTC INFO [rg1-rn1] JE: New node rg1-rn1(-1) unknown to rep group
2016-05-07 21:54:05.910 UTC INFO [rg1-rn1] JE: Master changed to rg1-rn1
2016-05-07 21:54:05.910 UTC INFO [rg1-rn1] JE: Nascent group. rg1-rn1 is master by virtue of being the first node.
2016-05-07 21:54:05.920 UTC INFO [rg1-rn1] JE: Successfully added node:rg1-rn1(1) HostPort = Nelmas-MacBook-Pro.local: 5006 [ELECTABLE]
2016-05-07 21:54:05.921 UTC INFO [rg1-rn1] JE: Refreshed 0 monitors.
2016-05-07 21:54:05.923 UTC INFO [rg1-rn1] JE recovery: BECOME_CONSISTENT
2016-05-07 21:54:05.923 UTC INFO [rg1-rn1] JE: Node rg1-rn1 started
2016-05-07 21:54:05.924 UTC INFO [rg1-rn1] JE: Feeder manager accepting requests.
2016-05-07 21:54:05.925 UTC INFO [rg1-rn1] JE: Joining group as master
2016-05-07 21:54:05.925 UTC INFO [rg1-rn1] JE: Refreshed 0 monitors.
2016-05-07 21:54:05.925 UTC INFO [rg1-rn1] Opened JE environment: 6.4.15 JVM max heap: 1,908,932,608 JE properties: allowCreate=true
cacheSize=1145359564
txnNoSync=false
txnWriteNoSync=false
{je.lock.timeout=10 s, je.cleaner.readSize=1048576, je.log.faultReadSize=4096, je.rep.consistencyPolicy=NoConsistencyRequiredPolicy, je.log.fileMax=1073741824, je.rep.feederTimeout=10 s, je.rep.nodeName=rg1-rn1, je.nodeMaxEntries=128, je.log.writeQueueSize=2097152, je.evictor.criticalPercentage=20, je.rep.electableGroupSizeOverride=0, je.env.runEvictor=true, je.log.iteratorReadSize=1048576, je.txn.durability=WRITE_NO_SYNC,WRITE_NO_SYNC,SIMPLE_MAJORITY, je.maxOffHeapMemory=0, je.checkpointer.bytesInterval=500000000, je.log.numBuffers=16, je.rep.nodeHostPort=Nelmas-MacBook-Pro.local:5006, je.rep.vlsn.distance=1000000, je.rep.txnRollbackLimit=10, je.rep.replayMaxOpenDbHandles=100, je.rep.ignoreSecondaryNodeId=true, je.maxMemory=0, je.cleaner.minUtilization=40, je.env.isTransactional=true, je.log.fileCacheSize=2000, je.rep.helperHosts=Nelmas-MacBook-Pro.local:5006, je.rep.preHeartbeatTimeoutMs=5000000000, je.rep.vlsn.logCacheSize=128, je.rep.replicaTimeout=10 s, je.lock.nLockTables=97, je.rep.nodeType=ELECTABLE, je.rep.envUnknownStateTimeout=10 s, je.rep.preserveRecordVersion=true, je.rep.groupName=rg1, je.rep.replicaAckTimeout=5 s, je.cleaner.threads=2}

2016-05-07 21:54:05.931 UTC INFO [rg1-rn1] Local Environment version updated to: 12cR1.3.5.2 2015-12-03 08:36:49 UTC  Build id: 0c693aa1a5a0 Previous version:  none
2016-05-07 21:54:05.932 UTC INFO [rg1-rn1] State change event: Sat May 07 16:54:05 CDT 2016, State: MASTER, Type: ELECTABLE, Master: rg1-rn1
2016-05-07 21:54:05.933 UTC INFO [rg1-rn1] MigrationStateTracker queue added:MASTER
2016-05-07 21:54:05.933 UTC INFO [rg1-rn1] TableManagerStateTracker queue added:MASTER
2016-05-07 21:54:05.933 UTC INFO [rg1-rn1] MasterBalanceStateTracker queue added:MASTER
2016-05-07 21:54:05.933 UTC INFO [rg1-rn1] Replicated environment handle established. Cache size: 1145359564, State: MASTER
2016-05-07 21:54:05.934 UTC INFO [rg1-rn1] Environment does not contain topology store.
2016-05-07 21:54:05.934 UTC INFO [rg1-rn1] MasterBalanceStateTracker thread start: rg1-rn1
2016-05-07 21:54:05.936 UTC INFO [rg1-rn1] Topology needs to be pushed to this node.
2016-05-07 21:54:05.936 UTC INFO [rg1-rn1] TableManagerStateTracker thread start: rg1-rn1
2016-05-07 21:54:05.935 UTC INFO [rg1-rn1] MigrationStateTracker thread start: null
2016-05-07 21:54:05.937 UTC INFO [rg1-rn1] Table manager change state to MASTER
2016-05-07 21:54:05.937 UTC INFO [rg1-rn1] Migration manager change state to MASTER.
2016-05-07 21:54:05.948 UTC INFO [rg1-rn1] Migration service accepting requests.
2016-05-07 21:54:05.954 UTC INFO [rg1-rn1] No RN Login configured. 
2016-05-07 21:54:05.954 UTC INFO [rg1-rn1] Service status changed from STARTING to RUNNING
2016-05-07 21:54:05.965 UTC INFO [rg1-rn1] Started RepNodeService
2016-05-07 21:54:05.965 UTC INFO [rg1-rn1] Topology not immediately available - waiting
2016-05-07 21:54:06.701 UTC INFO [rg1-rn1] Topology updated from seq#: 0 to 4
2016-05-07 21:54:06.707 UTC INFO [rg1-rn1] Environment changed, ignoring trigger for SecurityMetadata
2016-05-07 21:54:06.708 UTC INFO [rg1-rn1] Open SecurityMetadata DB
2016-05-07 21:54:06.709 UTC INFO [rg1-rn1] Established 0 partition database handles, topology seq#: 4
2016-05-07 21:54:06.711 UTC INFO [rg1-rn1] Environment changed, ignoring trigger for TableMetadata
2016-05-07 21:54:06.711 UTC INFO [rg1-rn1] Open TableMetadata DB
2016-05-07 21:54:06.715 UTC INFO [rg1-rn1] Found 0 indexes and 0 tables marked for deletion in TableMetadata[0, 0, 0]
2016-05-07 21:54:06.716 UTC INFO [rg1-rn1] Established 0 secondary database handles
2016-05-07 21:54:06.777 UTC INFO [rg1-rn1] Topology stored seq#: 4
2016-05-07 21:54:06.795 UTC INFO [rg1-rn1] newParameters are identical to old parameters
2016-05-07 21:54:06.850 UTC INFO [rg1-rn1] Topology incrementally updated from seq#: 4 to 14
2016-05-07 21:54:06.854 UTC INFO [rg1-rn1] Found 0 indexes and 0 tables marked for deletion in TableMetadata[0, 0, 0]
2016-05-07 21:54:06.854 UTC INFO [rg1-rn1] Established 0 secondary database handles
2016-05-07 21:54:06.867 UTC INFO [rg1-rn1] Established 10 partition database handles, topology seq#: 14
2016-05-07 21:54:06.886 UTC INFO [rg1-rn1] Topology stored seq#: 14
2016-05-07 21:54:06.985 UTC INFO [rg1-rn1] Establishing RMI connection for admin DDL
2016-05-07 21:54:06.993 UTC INFO [rg1-rn1] Establishing RMI connection for admin DDL
2016-05-07 21:54:06.995 UTC INFO [rg1-rn1] Establishing RMI connection for admin DDL
2016-05-07 21:57:36.204 UTC INFO [rg1-rn1] JVM java.net.InetAddress properties: cache.ttl=-1 cache.negative.ttl=-1
2016-05-07 21:57:36.327 UTC INFO [rg1-rn1] Thread[KV_rg1-rn1_RepNodeStateUpdateThread,5,main] started
2016-05-07 21:57:36.380 UTC INFO [rg1-rn1] NoSQL version:12cR1.3.5.2 2015-12-03 08:36:49 UTC  Build id: 0c693aa1a5a0 JE version:6.4.15 Java version:1.8.0_72
2016-05-07 21:57:36.386 UTC INFO [rg1-rn1] JVM Runtime maxMemory:1,864,192 kB JE cache size:0 kB Max Offheap cache size:0 kB
2016-05-07 21:57:36.387 UTC INFO [rg1-rn1] Non-default JE properties for environment: {je.rep.vlsn.logCacheSize=128, je.rep.envUnknownStateTimeout=10 s, je.log.faultReadSize=4096, je.rep.vlsn.distance=1000000, je.rep.replicaTimeout=10 s, je.env.runEvictor=true, je.cleaner.minUtilization=40, je.rep.replicaAckTimeout=5 s, je.lock.nLockTables=97, je.cleaner.threads=2, je.rep.replayMaxOpenDbHandles=100, je.log.writeQueueSize=2097152, je.evictor.criticalPercentage=20, je.log.iteratorReadSize=1048576, je.log.numBuffers=16, je.rep.feederTimeout=10 s, je.nodeMaxEntries=128, je.lock.timeout=10 s, je.rep.preHeartbeatTimeoutMs=5000000000, je.rep.consistencyPolicy=NoConsistencyRequiredPolicy, je.checkpointer.bytesInterval=500000000, je.txn.durability=write_no_sync,write_no_sync,simple_majority, je.cleaner.readSize=1048576, je.rep.ignoreSecondaryNodeId=true, je.rep.txnRollbackLimit=10, je.log.fileCacheSize=2000, je.log.fileMax=1073741824}
2016-05-07 21:57:36.387 UTC INFO [rg1-rn1] DataChannelFactory: basic
2016-05-07 21:57:36.428 UTC INFO [rg1-rn1] Table manager created
2016-05-07 21:57:36.460 UTC INFO [rg1-rn1] Partition database cache mode: EVICT_LN
2016-05-07 21:57:36.481 UTC INFO [rg1-rn1] Thread[KV_rg1-rn1_MetadataUpdateThread,5,main] started
2016-05-07 21:57:36.490 UTC INFO [rg1-rn1] Starting RepNodeService
2016-05-07 21:57:36.490 UTC INFO [rg1-rn1] Starting RN MonitorAgent.  Server socket factory:<ClearServerSocketFactory name=monitor backlog=0 port range=0,0> Client socket connect factory: <ClientSocketFactory name=kvstore|rn|monitor id=-377620222 connectMs=10000 readMs=10000>
2016-05-07 21:57:36.502 UTC INFO [rg1-rn1] Starting MonitorAgent
2016-05-07 21:57:36.530 UTC INFO [rg1-rn1] Successfully created secure proxy for the repnode admin
2016-05-07 21:57:36.556 UTC INFO [rg1-rn1] RepNodeAdmin registered
2016-05-07 21:57:36.820 UTC INFO [rg1-rn1] JE recovery: FIND_END_OF_LOG
2016-05-07 21:57:36.859 UTC INFO [rg1-rn1] JE recovery: FIND_LAST_CKPT
2016-05-07 21:57:36.865 UTC INFO [rg1-rn1] JE recovery: READ_DBMAP_INFO
2016-05-07 21:57:36.884 UTC INFO [rg1-rn1] JE recovery: REDO_DBMAP_INFO
2016-05-07 21:57:36.886 UTC INFO [rg1-rn1] JE recovery: UNDO_DBMAP_RECORDS
2016-05-07 21:57:36.889 UTC INFO [rg1-rn1] JE recovery: REDO_DBMAP_RECORDS
2016-05-07 21:57:36.901 UTC INFO [rg1-rn1] JE recovery: READ_DATA_INFO
2016-05-07 21:57:36.923 UTC INFO [rg1-rn1] JE recovery: REDO_DATA_INFO
2016-05-07 21:57:36.936 UTC INFO [rg1-rn1] JE recovery: UNDO_DATA_RECORDS
2016-05-07 21:57:36.938 UTC INFO [rg1-rn1] JE recovery: REDO_DATA_RECORDS
2016-05-07 21:57:36.949 UTC INFO [rg1-rn1] JE recovery: POPULATE_UTILIZATION_PROFILE
2016-05-07 21:57:36.958 UTC INFO [rg1-rn1] JE recovery: REMOVE_TEMP_DBS
2016-05-07 21:57:36.979 UTC INFO [rg1-rn1] JE recovery: CKPT
2016-05-07 21:57:36.996 UTC INFO [rg1-rn1] JE recovery: RECOVERY_FINISHED
2016-05-07 21:57:37.040 UTC INFO [rg1-rn1] JE: Started ServiceDispatcher. HostPort=Nelmas-MacBook-Pro.local:5006
2016-05-07 21:57:37.041 UTC INFO [rg1-rn1] JE: DataChannel factory: com.sleepycat.je.rep.utilint.net.SimpleChannelFactory
2016-05-07 21:57:37.095 UTC INFO [rg1-rn1] JE: Current group size: 1
2016-05-07 21:57:37.095 UTC INFO [rg1-rn1] JE: Current group size: 1
2016-05-07 21:57:37.096 UTC INFO [rg1-rn1] JE: Existing node rg1-rn1 querying for a current master.
2016-05-07 21:57:37.096 UTC INFO [rg1-rn1] JE: Existing node rg1-rn1 querying for a current master.
2016-05-07 21:57:37.121 UTC INFO [rg1-rn1] JE recovery: BECOME_CONSISTENT
2016-05-07 21:57:37.121 UTC INFO [rg1-rn1] JE: Node rg1-rn1 started
2016-05-07 21:57:37.121 UTC INFO [rg1-rn1] JE: Node rg1-rn1 started
2016-05-07 21:57:37.121 UTC INFO [rg1-rn1] JE: Election initiated; election #1
2016-05-07 21:57:37.124 UTC INFO [rg1-rn1] JE: Started election thread Sat May 07 16:57:37 CDT 2016
2016-05-07 21:57:39.140 UTC INFO [rg1-rn1] JE: Winning proposal: Proposal(000001548d39d8b7:e043ea438e720243394d70ee04c9367a:00000001) Value: Value:Nelmas-MacBook-Pro.local$$$5006$$$rg1-rn1$$$1
2016-05-07 21:57:39.142 UTC INFO [rg1-rn1] JE: Master changed to rg1-rn1
2016-05-07 21:57:39.142 UTC INFO [rg1-rn1] JE: Master changed to rg1-rn1
2016-05-07 21:57:39.142 UTC INFO [rg1-rn1] JE: Election finished. Elapsed time: 2021ms
2016-05-07 21:57:39.143 UTC INFO [rg1-rn1] JE: Election thread exited. Group master: rg1-rn1(1)
2016-05-07 21:57:39.143 UTC INFO [rg1-rn1] JE: Feeder manager accepting requests.
2016-05-07 21:57:39.143 UTC INFO [rg1-rn1] JE: Feeder manager accepting requests.
2016-05-07 21:57:39.149 UTC INFO [rg1-rn1] JE: Joining group as master
2016-05-07 21:57:39.150 UTC INFO [rg1-rn1] JE: Joining group as master
2016-05-07 21:57:39.151 UTC INFO [rg1-rn1] JE: Refreshed 0 monitors.
2016-05-07 21:57:39.151 UTC INFO [rg1-rn1] JE: Refreshed 0 monitors.
2016-05-07 21:57:39.151 UTC INFO [rg1-rn1] Opened JE environment: 6.4.15 JVM max heap: 1,908,932,608 JE properties: allowCreate=true
cacheSize=1145359564
txnNoSync=false
txnWriteNoSync=false
{je.lock.timeout=10 s, je.cleaner.readSize=1048576, je.log.faultReadSize=4096, je.rep.consistencyPolicy=NoConsistencyRequiredPolicy, je.log.fileMax=1073741824, je.rep.feederTimeout=10 s, je.rep.nodeName=rg1-rn1, je.nodeMaxEntries=128, je.log.writeQueueSize=2097152, je.evictor.criticalPercentage=20, je.rep.electableGroupSizeOverride=0, je.env.runEvictor=true, je.log.iteratorReadSize=1048576, je.txn.durability=WRITE_NO_SYNC,WRITE_NO_SYNC,SIMPLE_MAJORITY, je.maxOffHeapMemory=0, je.checkpointer.bytesInterval=500000000, je.log.numBuffers=16, je.rep.nodeHostPort=Nelmas-MacBook-Pro.local:5006, je.rep.vlsn.distance=1000000, je.rep.txnRollbackLimit=10, je.rep.replayMaxOpenDbHandles=100, je.rep.ignoreSecondaryNodeId=true, je.maxMemory=0, je.cleaner.minUtilization=40, je.env.isTransactional=true, je.log.fileCacheSize=2000, je.rep.helperHosts=Nelmas-MacBook-Pro.local:5006, je.rep.preHeartbeatTimeoutMs=5000000000, je.rep.vlsn.logCacheSize=128, je.rep.replicaTimeout=10 s, je.lock.nLockTables=97, je.rep.nodeType=ELECTABLE, je.rep.envUnknownStateTimeout=10 s, je.rep.preserveRecordVersion=true, je.rep.groupName=rg1, je.rep.replicaAckTimeout=5 s, je.cleaner.threads=2}

2016-05-07 21:57:39.168 UTC INFO [rg1-rn1] State change event: Sat May 07 16:57:39 CDT 2016, State: MASTER, Type: ELECTABLE, Master: rg1-rn1
2016-05-07 21:57:39.169 UTC INFO [rg1-rn1] MigrationStateTracker queue added:MASTER
2016-05-07 21:57:39.169 UTC INFO [rg1-rn1] TableManagerStateTracker queue added:MASTER
2016-05-07 21:57:39.169 UTC INFO [rg1-rn1] MasterBalanceStateTracker queue added:MASTER
2016-05-07 21:57:39.169 UTC INFO [rg1-rn1] Replicated environment handle established. Cache size: 1145359564, State: MASTER
2016-05-07 21:57:39.362 UTC INFO [rg1-rn1] Topology updated from seq#: 0 to 14
2016-05-07 21:57:39.369 UTC INFO [rg1-rn1] Open SecurityMetadata DB
2016-05-07 21:57:39.371 UTC INFO [rg1-rn1] Open TableMetadata DB
2016-05-07 21:57:39.441 UTC INFO [rg1-rn1] Established 10 partition database handles, topology seq#: 14
2016-05-07 21:57:39.448 UTC INFO [rg1-rn1] Found 0 indexes and 0 tables marked for deletion in TableMetadata[0, 0, 0]
2016-05-07 21:57:39.448 UTC INFO [rg1-rn1] Established 0 secondary database handles
2016-05-07 21:57:39.449 UTC INFO [rg1-rn1] Topology stored seq#: 14
2016-05-07 21:57:39.450 UTC INFO [rg1-rn1] Topology fetched sequence#: 14, updated topology seq# 14
2016-05-07 21:57:39.452 UTC INFO [rg1-rn1] MasterBalanceStateTracker thread start: rg1-rn1
2016-05-07 21:57:39.452 UTC INFO [rg1-rn1] MigrationStateTracker thread start: null
2016-05-07 21:57:39.452 UTC INFO [rg1-rn1] TableManagerStateTracker thread start: rg1-rn1
2016-05-07 21:57:39.453 UTC INFO [rg1-rn1] Table manager change state to MASTER
2016-05-07 21:57:39.452 UTC INFO [rg1-rn1] Migration manager change state to MASTER.
2016-05-07 21:57:39.463 UTC INFO [rg1-rn1] Migration service accepting requests.
2016-05-07 21:57:39.478 UTC INFO [rg1-rn1] No RN Login configured. 
2016-05-07 21:57:39.478 UTC INFO [rg1-rn1] Service status changed from STARTING to RUNNING
2016-05-07 21:57:39.487 UTC INFO [rg1-rn1] Started RepNodeService
2016-05-07 21:57:39.513 UTC INFO [rg1-rn1] Establishing RMI connection for admin DDL
2016-05-07 21:57:39.517 UTC INFO [rg1-rn1] Establishing RMI connection for admin DDL
2016-05-07 21:57:39.518 UTC INFO [rg1-rn1] Establishing RMI connection for admin DDL
2016-05-08 02:14:48.017 UTC INFO [rg1-rn1] Task oracle.kv.impl.api.rgstate.RepNodeStateUpdateThread$RefreshRepNodeState@12b9e644 execute() ignored for service rg1-rn1 since it already had an outstanding task: oracle.kv.impl.api.rgstate.RepNodeStateUpdateThread$RefreshRepNodeState@12b9e644
2016-05-08 05:17:26.019 UTC INFO [rg1-rn1] Task oracle.kv.impl.api.rgstate.RepNodeStateUpdateThread$RefreshRepNodeState@79e99756 execute() ignored for service rg1-rn1 since it already had an outstanding task: oracle.kv.impl.api.rgstate.RepNodeStateUpdateThread$RefreshRepNodeState@79e99756
