2016-05-08 20:07:01.086 UTC INFO [rg1-rn1] Thread[KV_rg1-rn1_RepNodeStateUpdateThread,5,RMI Runtime] started
2016-05-08 20:07:01.109 UTC INFO [rg1-rn1] NoSQL version:12cR1.3.4.7 2015-10-01 04:48:39 UTC  Build id: 44f8b0e7d93a JE version:6.4.15 Java version:1.8.0_91
2016-05-08 20:07:01.110 UTC INFO [rg1-rn1] JVM Runtime maxMemory:508,887,040 bytes JE cache size:0 Max Offheap cache size:0 bytes
2016-05-08 20:07:01.111 UTC INFO [rg1-rn1] Non-default JE properties for environment: {je.rep.vlsn.logCacheSize=128, je.rep.envUnknownStateTimeout=10 s, je.log.faultReadSize=4096, je.rep.vlsn.distance=1000000, je.rep.replicaTimeout=10 s, je.env.runEvictor=true, je.cleaner.minUtilization=40, je.rep.replicaAckTimeout=5 s, je.lock.nLockTables=97, je.cleaner.threads=2, je.rep.replayMaxOpenDbHandles=100, je.log.writeQueueSize=2097152, je.evictor.criticalPercentage=20, je.log.iteratorReadSize=1048576, je.log.numBuffers=16, je.rep.feederTimeout=10 s, je.nodeMaxEntries=128, je.lock.timeout=10 s, je.rep.preHeartbeatTimeoutMs=5000000000, je.rep.consistencyPolicy=NoConsistencyRequiredPolicy, je.checkpointer.bytesInterval=500000000, je.txn.durability=write_no_sync,write_no_sync,simple_majority, je.cleaner.readSize=1048576, je.rep.ignoreSecondaryNodeId=true, je.rep.txnRollbackLimit=10, je.log.fileCacheSize=2000, je.log.fileMax=1073741824}
2016-05-08 20:07:01.111 UTC INFO [rg1-rn1] DataChannelFactory: basic
2016-05-08 20:07:01.120 UTC INFO [rg1-rn1] Created new environment dir: ./kvroot/kvstore/sn1/rg1-rn1/env
2016-05-08 20:07:01.128 UTC INFO [rg1-rn1] Table manager created
2016-05-08 20:07:01.135 UTC INFO [rg1-rn1] Partition database cache mode: EVICT_LN
2016-05-08 20:07:01.159 UTC INFO [rg1-rn1] Thread[KV_rg1-rn1_MetadataUpdateThread,5,RMI Runtime] started
2016-05-08 20:07:01.179 UTC INFO [rg1-rn1] Starting RepNodeService
2016-05-08 20:07:01.179 UTC INFO [rg1-rn1] Starting RN MonitorAgent.  Server socket factory:<ClearServerSocketFactory name=monitor backlog=0 port range=0,0> Client socket connect factory: <ClientSocketFactory name=kvstore|rn|monitor id=1115308973 connectMs=10000 readMs=10000>
2016-05-08 20:07:01.198 UTC INFO [rg1-rn1] Starting MonitorAgent
2016-05-08 20:07:01.228 UTC INFO [rg1-rn1] Successfully created secure proxy for the repnode admin
2016-05-08 20:07:01.255 UTC INFO [rg1-rn1] RepNodeAdmin registered
2016-05-08 20:07:01.402 UTC INFO [rg1-rn1] JE recovery: POPULATE_UTILIZATION_PROFILE
2016-05-08 20:07:01.407 UTC INFO [rg1-rn1] JE recovery: REMOVE_TEMP_DBS
2016-05-08 20:07:01.408 UTC INFO [rg1-rn1] JE recovery: CKPT
2016-05-08 20:07:01.425 UTC INFO [rg1-rn1] JE recovery: RECOVERY_FINISHED
2016-05-08 20:07:01.453 UTC INFO [rg1-rn1] JE: Started ServiceDispatcher. HostPort=nelmiux-PC:5006
2016-05-08 20:07:01.460 UTC INFO [rg1-rn1] JE: DataChannel factory: com.sleepycat.je.rep.utilint.net.SimpleChannelFactory
2016-05-08 20:07:01.470 UTC INFO [rg1-rn1] JE: Current group size: 0
2016-05-08 20:07:01.482 UTC INFO [rg1-rn1] JE: New node rg1-rn1(-1) unknown to rep group
2016-05-08 20:07:01.484 UTC INFO [rg1-rn1] JE: Master changed to rg1-rn1
2016-05-08 20:07:01.487 UTC INFO [rg1-rn1] JE: Nascent group. rg1-rn1 is master by virtue of being the first node.
2016-05-08 20:07:01.501 UTC INFO [rg1-rn1] JE: Successfully added node:rg1-rn1(1) HostPort = nelmiux-PC: 5006 [ELECTABLE]
2016-05-08 20:07:01.505 UTC INFO [rg1-rn1] JE: Refreshed 0 monitors.
2016-05-08 20:07:01.508 UTC INFO [rg1-rn1] JE recovery: BECOME_CONSISTENT
2016-05-08 20:07:01.513 UTC INFO [rg1-rn1] JE: Node rg1-rn1 started
2016-05-08 20:07:01.514 UTC INFO [rg1-rn1] JE: Feeder manager accepting requests.
2016-05-08 20:07:01.514 UTC INFO [rg1-rn1] JE: Joining group as master
2016-05-08 20:07:01.516 UTC INFO [rg1-rn1] JE: Refreshed 0 monitors.
2016-05-08 20:07:01.516 UTC INFO [rg1-rn1] Opened JE environment: 6.4.15 JVM max heap: 508,887,040 JE properties: allowCreate=true
cacheSize=305332224
txnNoSync=false
txnWriteNoSync=false
{je.lock.timeout=10 s, je.cleaner.readSize=1048576, je.log.faultReadSize=4096, je.rep.consistencyPolicy=NoConsistencyRequiredPolicy, je.log.fileMax=1073741824, je.rep.feederTimeout=10 s, je.rep.nodeName=rg1-rn1, je.nodeMaxEntries=128, je.log.writeQueueSize=2097152, je.evictor.criticalPercentage=20, je.rep.electableGroupSizeOverride=0, je.env.runEvictor=true, je.log.iteratorReadSize=1048576, je.txn.durability=WRITE_NO_SYNC,WRITE_NO_SYNC,SIMPLE_MAJORITY, je.maxOffHeapMemory=0, je.checkpointer.bytesInterval=500000000, je.log.numBuffers=16, je.rep.nodeHostPort=nelmiux-PC:5006, je.rep.vlsn.distance=1000000, je.rep.txnRollbackLimit=10, je.rep.replayMaxOpenDbHandles=100, je.rep.ignoreSecondaryNodeId=true, je.maxMemory=0, je.cleaner.minUtilization=40, je.env.isTransactional=true, je.log.fileCacheSize=2000, je.rep.helperHosts=nelmiux-PC:5006, je.rep.preHeartbeatTimeoutMs=5000000000, je.rep.vlsn.logCacheSize=128, je.rep.replicaTimeout=10 s, je.lock.nLockTables=97, je.rep.nodeType=ELECTABLE, je.rep.envUnknownStateTimeout=10 s, je.rep.preserveRecordVersion=true, je.rep.groupName=rg1, je.rep.replicaAckTimeout=5 s, je.cleaner.threads=2}

2016-05-08 20:07:01.523 UTC INFO [rg1-rn1] Local Environment version updated to: 12cR1.3.4.7 2015-10-01 04:48:39 UTC  Build id: 44f8b0e7d93a Previous version:  none
2016-05-08 20:07:01.525 UTC INFO [rg1-rn1] State change event: Sun May 08 15:07:01 CDT 2016, State: MASTER, Type: ELECTABLE, Master: rg1-rn1
2016-05-08 20:07:01.527 UTC INFO [rg1-rn1] MigrationStateTracker queue added:MASTER
2016-05-08 20:07:01.527 UTC INFO [rg1-rn1] TableManagerStateTracker queue added:MASTER
2016-05-08 20:07:01.527 UTC INFO [rg1-rn1] MasterBalanceStateTracker queue added:MASTER
2016-05-08 20:07:01.528 UTC INFO [rg1-rn1] Replicated environment handle established. Cache size: 305332224, State: MASTER
2016-05-08 20:07:01.528 UTC INFO [rg1-rn1] Environment does not contain topology store.
2016-05-08 20:07:01.529 UTC INFO [rg1-rn1] Topology needs to be pushed to this node.
2016-05-08 20:07:01.529 UTC INFO [rg1-rn1] MasterBalanceStateTracker thread start: rg1-rn1
2016-05-08 20:07:01.529 UTC INFO [rg1-rn1] MigrationStateTracker thread start: null
2016-05-08 20:07:01.533 UTC INFO [rg1-rn1] Migration manager change state to MASTER.
2016-05-08 20:07:01.534 UTC INFO [rg1-rn1] TableManagerStateTracker thread start: rg1-rn1
2016-05-08 20:07:01.537 UTC INFO [rg1-rn1] Table manager change state to MASTER
2016-05-08 20:07:01.554 UTC INFO [rg1-rn1] No RN Login configured. 
2016-05-08 20:07:01.555 UTC INFO [rg1-rn1] Service status changed from STARTING to RUNNING
2016-05-08 20:07:01.556 UTC INFO [rg1-rn1] Started RepNodeService
2016-05-08 20:07:01.561 UTC INFO [rg1-rn1] Migration service accepting requests.
2016-05-08 20:07:02.017 UTC INFO [rg1-rn1] Topology updated from seq#: 0 to 4
2016-05-08 20:07:02.033 UTC INFO [rg1-rn1] Environment changed, ignoring trigger for SecurityMetadata
2016-05-08 20:07:02.035 UTC INFO [rg1-rn1] Open SecurityMetadata DB
2016-05-08 20:07:02.048 UTC INFO [rg1-rn1] Environment changed, ignoring trigger for TableMetadata
2016-05-08 20:07:02.049 UTC INFO [rg1-rn1] Open TableMetadata DB
2016-05-08 20:07:02.051 UTC INFO [rg1-rn1] Established 0 partition database handles, topology seq#: 4
2016-05-08 20:07:02.071 UTC INFO [rg1-rn1] Found 0 indexes and 0 tables marked for deletion in TableMetadata[0, 0, 0]
2016-05-08 20:07:02.076 UTC INFO [rg1-rn1] Established 0 secondary database handles
2016-05-08 20:07:02.177 UTC INFO [rg1-rn1] Topology stored seq#: 4
2016-05-08 20:07:02.360 UTC INFO [rg1-rn1] newParameters are identical to old parameters
2016-05-08 20:07:02.436 UTC INFO [rg1-rn1] Topology incrementally updated from seq#: 4 to 14
2016-05-08 20:07:02.453 UTC INFO [rg1-rn1] Found 0 indexes and 0 tables marked for deletion in TableMetadata[0, 0, 0]
2016-05-08 20:07:02.456 UTC INFO [rg1-rn1] Established 0 secondary database handles
2016-05-08 20:07:02.514 UTC INFO [rg1-rn1] Topology stored seq#: 14
2016-05-08 20:07:02.523 UTC INFO [rg1-rn1] Established 10 partition database handles, topology seq#: 14
